# JRE version: OpenJDK Runtime Environment AdoptOpenJDK (11.0.9.1+1) (build 11.0.9.1+1)
# Java VM: OpenJDK 64-Bit Server VM AdoptOpenJDK (11.0.9.1+1, mixed mode, tiered, compressed oops, g1 gc, bsd-amd64)
Heap:
 garbage-first heap   total 262144K, used 18755K [0x00000007e0000000, 0x0000000800000000)
  region size 1024K, 7 young (7168K), 2 survivors (2048K)
 Metaspace       used 20865K, capacity 21602K, committed 21936K, reserved 1069056K
  class space    used 2718K, capacity 2946K, committed 3072K, reserved 1048576K
GC Heap History (8 events):
Event: 0.625 GC heap before
{Heap before GC invocations=0 (full 0):
 garbage-first heap   total 262144K, used 24576K [0x00000007e0000000, 0x0000000800000000)
  region size 1024K, 24 young (24576K), 0 survivors (0K)
 Metaspace       used 11288K, capacity 11565K, committed 11776K, reserved 1060864K
  class space    used 1163K, capacity 1228K, committed 1280K, reserved 1048576K
}
Event: 0.635 GC heap after
{Heap after GC invocations=1 (full 0):
 garbage-first heap   total 262144K, used 9071K [0x00000007e0000000, 0x0000000800000000)
  region size 1024K, 3 young (3072K), 3 survivors (3072K)
 Metaspace       used 11288K, capacity 11565K, committed 11776K, reserved 1060864K
  class space    used 1163K, capacity 1228K, committed 1280K, reserved 1048576K
}
Event: 1.150 GC heap before
{Heap before GC invocations=1 (full 0):
 garbage-first heap   total 262144K, used 25455K [0x00000007e0000000, 0x0000000800000000)
  region size 1024K, 19 young (19456K), 3 survivors (3072K)
 Metaspace       used 14395K, capacity 14925K, committed 15104K, reserved 1062912K
  class space    used 1596K, capacity 1762K, committed 1792K, reserved 1048576K
}
Event: 1.159 GC heap after
{Heap after GC invocations=2 (full 0):
 garbage-first heap   total 262144K, used 10384K [0x00000007e0000000, 0x0000000800000000)
  region size 1024K, 1 young (1024K), 1 survivors (1024K)
 Metaspace       used 14395K, capacity 14925K, committed 15104K, reserved 1062912K
  class space    used 1596K, capacity 1762K, committed 1792K, reserved 1048576K
}
Event: 1.685 GC heap before
{Heap before GC invocations=2 (full 0):
 garbage-first heap   total 262144K, used 58512K [0x00000007e0000000, 0x0000000800000000)
  region size 1024K, 45 young (46080K), 1 survivors (1024K)
 Metaspace       used 20108K, capacity 20822K, committed 20992K, reserved 1067008K
  class space    used 2562K, capacity 2815K, committed 2816K, reserved 1048576K
}
Event: 1.689 GC heap after
{Heap after GC invocations=3 (full 0):
 garbage-first heap   total 262144K, used 14555K [0x00000007e0000000, 0x0000000800000000)
  region size 1024K, 2 young (2048K), 2 survivors (2048K)
 Metaspace       used 20108K, capacity 20822K, committed 20992K, reserved 1067008K
  class space    used 2562K, capacity 2815K, committed 2816K, reserved 1048576K
}
Event: 1.722 GC heap before
{Heap before GC invocations=3 (full 0):
 garbage-first heap   total 262144K, used 17627K [0x00000007e0000000, 0x0000000800000000)
  region size 1024K, 6 young (6144K), 2 survivors (2048K)
 Metaspace       used 20414K, capacity 21142K, committed 21296K, reserved 1067008K
  class space    used 2624K, capacity 2879K, committed 2944K, reserved 1048576K
}
Event: 1.725 GC heap after
{Heap after GC invocations=4 (full 0):
 garbage-first heap   total 262144K, used 14659K [0x00000007e0000000, 0x0000000800000000)
  region size 1024K, 2 young (2048K), 2 survivors (2048K)
 Metaspace       used 20414K, capacity 21142K, committed 21296K, reserved 1067008K
  class space    used 2624K, capacity 2879K, committed 2944K, reserved 1048576K
}

