# JRE version: OpenJDK Runtime Environment AdoptOpenJDK (11.0.9.1+1) (build 11.0.9.1+1)
# Java VM: OpenJDK 64-Bit Server VM AdoptOpenJDK (11.0.9.1+1, mixed mode, tiered, compressed oops, g1 gc, bsd-amd64)
Heap:
 garbage-first heap   total 262144K, used 77953K [0x00000007e0000000, 0x0000000800000000)
  region size 1024K, 22 young (22528K), 7 survivors (7168K)
 Metaspace       used 98399K, capacity 101893K, committed 102024K, reserved 1136640K
  class space    used 12707K, capacity 14113K, committed 14188K, reserved 1048576K
GC Heap History (20 events):
Event: 1.931 GC heap before
{Heap before GC invocations=1 (full 0):
 garbage-first heap   total 262144K, used 62322K [0x00000007e0000000, 0x0000000800000000)
  region size 1024K, 56 young (57344K), 3 survivors (3072K)
 Metaspace       used 20496K, capacity 21187K, committed 21296K, reserved 1069056K
  class space    used 2431K, capacity 2678K, committed 2688K, reserved 1048576K
}
Event: 1.947 GC heap after
{Heap after GC invocations=2 (full 0):
 garbage-first heap   total 262144K, used 11293K [0x00000007e0000000, 0x0000000800000000)
  region size 1024K, 6 young (6144K), 6 survivors (6144K)
 Metaspace       used 20496K, capacity 21187K, committed 21296K, reserved 1069056K
  class space    used 2431K, capacity 2678K, committed 2688K, reserved 1048576K
}
Event: 2.505 GC heap before
{Heap before GC invocations=3 (full 0):
 garbage-first heap   total 262144K, used 56349K [0x00000007e0000000, 0x0000000800000000)
  region size 1024K, 50 young (51200K), 6 survivors (6144K)
 Metaspace       used 25679K, capacity 26391K, committed 26672K, reserved 1073152K
  class space    used 3352K, capacity 3601K, committed 3712K, reserved 1048576K
}
Event: 2.517 GC heap after
{Heap after GC invocations=4 (full 0):
 garbage-first heap   total 262144K, used 12420K [0x00000007e0000000, 0x0000000800000000)
  region size 1024K, 4 young (4096K), 4 survivors (4096K)
 Metaspace       used 25679K, capacity 26391K, committed 26672K, reserved 1073152K
  class space    used 3352K, capacity 3601K, committed 3712K, reserved 1048576K
}
Event: 3.922 GC heap before
{Heap before GC invocations=4 (full 0):
 garbage-first heap   total 262144K, used 73860K [0x00000007e0000000, 0x0000000800000000)
  region size 1024K, 65 young (66560K), 4 survivors (4096K)
 Metaspace       used 34807K, capacity 35769K, committed 35888K, reserved 1081344K
  class space    used 4602K, capacity 4980K, committed 4992K, reserved 1048576K
}
Event: 3.934 GC heap after
{Heap after GC invocations=5 (full 0):
 garbage-first heap   total 262144K, used 14969K [0x00000007e0000000, 0x0000000800000000)
  region size 1024K, 6 young (6144K), 6 survivors (6144K)
 Metaspace       used 34807K, capacity 35769K, committed 35888K, reserved 1081344K
  class space    used 4602K, capacity 4980K, committed 4992K, reserved 1048576K
}
Event: 5.881 GC heap before
{Heap before GC invocations=6 (full 0):
 garbage-first heap   total 262144K, used 164473K [0x00000007e0000000, 0x0000000800000000)
  region size 1024K, 153 young (156672K), 6 survivors (6144K)
 Metaspace       used 45467K, capacity 46804K, committed 47132K, reserved 1089536K
  class space    used 5919K, capacity 6435K, committed 6508K, reserved 1048576K
}
Event: 5.897 GC heap after
{Heap after GC invocations=7 (full 0):
 garbage-first heap   total 262144K, used 19905K [0x00000007e0000000, 0x0000000800000000)
  region size 1024K, 11 young (11264K), 11 survivors (11264K)
 Metaspace       used 45467K, capacity 46804K, committed 47132K, reserved 1089536K
  class space    used 5919K, capacity 6435K, committed 6508K, reserved 1048576K
}
Event: 7.322 GC heap before
{Heap before GC invocations=7 (full 0):
 garbage-first heap   total 262144K, used 112065K [0x00000007e0000000, 0x0000000800000000)
  region size 1024K, 102 young (104448K), 11 survivors (11264K)
 Metaspace       used 58603K, capacity 60008K, committed 60420K, reserved 1101824K
  class space    used 7640K, capacity 8208K, committed 8300K, reserved 1048576K
}
Event: 7.342 GC heap after
{Heap after GC invocations=8 (full 0):
 garbage-first heap   total 262144K, used 24182K [0x00000007e0000000, 0x0000000800000000)
  region size 1024K, 15 young (15360K), 15 survivors (15360K)
 Metaspace       used 58603K, capacity 60008K, committed 60420K, reserved 1101824K
  class space    used 7640K, capacity 8208K, committed 8300K, reserved 1048576K
}
Event: 9.441 GC heap before
{Heap before GC invocations=9 (full 0):
 garbage-first heap   total 262144K, used 165494K [0x00000007e0000000, 0x0000000800000000)
  region size 1024K, 153 young (156672K), 15 survivors (15360K)
 Metaspace       used 70774K, capacity 72693K, committed 72964K, reserved 1112064K
  class space    used 9248K, capacity 10014K, committed 10092K, reserved 1048576K
}
Event: 9.470 GC heap after
{Heap after GC invocations=10 (full 0):
 garbage-first heap   total 262144K, used 31174K [0x00000007e0000000, 0x0000000800000000)
  region size 1024K, 17 young (17408K), 17 survivors (17408K)
 Metaspace       used 70774K, capacity 72693K, committed 72964K, reserved 1112064K
  class space    used 9248K, capacity 10014K, committed 10092K, reserved 1048576K
}
Event: 11.335 GC heap before
{Heap before GC invocations=10 (full 0):
 garbage-first heap   total 262144K, used 169414K [0x00000007e0000000, 0x0000000800000000)
  region size 1024K, 153 young (156672K), 17 survivors (17408K)
 Metaspace       used 77279K, capacity 79315K, committed 79492K, reserved 1118208K
  class space    used 10037K, capacity 10879K, committed 10988K, reserved 1048576K
}
Event: 11.353 GC heap after
{Heap after GC invocations=11 (full 0):
 garbage-first heap   total 262144K, used 37465K [0x00000007e0000000, 0x0000000800000000)
  region size 1024K, 14 young (14336K), 14 survivors (14336K)
 Metaspace       used 77279K, capacity 79315K, committed 79492K, reserved 1118208K
  class space    used 10037K, capacity 10879K, committed 10988K, reserved 1048576K
}
Event: 12.883 GC heap before
{Heap before GC invocations=11 (full 0):
 garbage-first heap   total 262144K, used 181849K [0x00000007e0000000, 0x0000000800000000)
  region size 1024K, 153 young (156672K), 14 survivors (14336K)
 Metaspace       used 85858K, capacity 88121K, committed 88324K, reserved 1126400K
  class space    used 10964K, capacity 11858K, committed 11884K, reserved 1048576K
}
Event: 12.895 GC heap after
{Heap after GC invocations=12 (full 0):
 garbage-first heap   total 262144K, used 43902K [0x00000007e0000000, 0x0000000800000000)
  region size 1024K, 14 young (14336K), 14 survivors (14336K)
 Metaspace       used 85858K, capacity 88121K, committed 88324K, reserved 1126400K
  class space    used 10964K, capacity 11858K, committed 11884K, reserved 1048576K
}
Event: 14.919 GC heap before
{Heap before GC invocations=12 (full 0):
 garbage-first heap   total 262144K, used 186238K [0x00000007e0000000, 0x0000000800000000)
  region size 1024K, 153 young (156672K), 14 survivors (14336K)
 Metaspace       used 95464K, capacity 98541K, committed 98948K, reserved 1134592K
  class space    used 12376K, capacity 13680K, committed 13804K, reserved 1048576K
}
Event: 14.936 GC heap after
{Heap after GC invocations=13 (full 0):
 garbage-first heap   total 262144K, used 56474K [0x00000007e0000000, 0x0000000800000000)
  region size 1024K, 20 young (20480K), 20 survivors (20480K)
 Metaspace       used 95464K, capacity 98541K, committed 98948K, reserved 1134592K
  class space    used 12376K, capacity 13680K, committed 13804K, reserved 1048576K
}
Event: 16.732 GC heap before
{Heap before GC invocations=13 (full 0):
 garbage-first heap   total 262144K, used 172186K [0x00000007e0000000, 0x0000000800000000)
  region size 1024K, 135 young (138240K), 20 survivors (20480K)
 Metaspace       used 97667K, capacity 100974K, committed 101128K, reserved 1136640K
  class space    used 12610K, capacity 13958K, committed 14060K, reserved 1048576K
}
Event: 16.753 GC heap after
{Heap after GC invocations=14 (full 0):
 garbage-first heap   total 262144K, used 63617K [0x00000007e0000000, 0x0000000800000000)
  region size 1024K, 7 young (7168K), 7 survivors (7168K)
 Metaspace       used 97667K, capacity 100974K, committed 101128K, reserved 1136640K
  class space    used 12610K, capacity 13958K, committed 14060K, reserved 1048576K
}

